c:\users\salon\documents\visual studio 2010\projects\speaktoplay\speaktoplay\debug\speaktoplay.pch
c:\users\salon\documents\visual studio 2010\projects\speaktoplay\speaktoplay\debug\stdafx.obj
c:\users\salon\documents\visual studio 2010\projects\speaktoplay\speaktoplay\debug\vc100.pdb
c:\users\salon\documents\visual studio 2010\projects\speaktoplay\speaktoplay\debug\train.obj
c:\users\salon\documents\visual studio 2010\projects\speaktoplay\speaktoplay\debug\speaktoplay.obj
c:\users\salon\documents\visual studio 2010\projects\speaktoplay\speaktoplay\debug\selectlanguage.obj
c:\users\salon\documents\visual studio 2010\projects\speaktoplay\speaktoplay\debug\pause.obj
c:\users\salon\documents\visual studio 2010\projects\speaktoplay\speaktoplay\debug\assemblyinfo.obj
c:\users\salon\documents\visual studio 2010\projects\speaktoplay\speaktoplay\debug\.netframework,version=v4.0.assemblyattributes.obj
c:\users\salon\documents\visual studio 2010\projects\speaktoplay\debug\speaktoplay.ilk
c:\users\salon\documents\visual studio 2010\projects\speaktoplay\debug\speaktoplay.exe
c:\users\salon\documents\visual studio 2010\projects\speaktoplay\speaktoplay\debug\speaktoplay.exe.intermediate.manifest
c:\users\salon\documents\visual studio 2010\projects\speaktoplay\debug\speaktoplay.pdb
c:\users\salon\documents\visual studio 2010\projects\speaktoplay\speaktoplay\debug\app.res
i:\microsoft visual studio pro 2013\projects\speaktoplay\speaktoplay\debug\speaktoplay.pch
i:\microsoft visual studio pro 2013\projects\speaktoplay\speaktoplay\debug\vc120.pdb
i:\microsoft visual studio pro 2013\projects\speaktoplay\speaktoplay\debug\stdafx.obj
i:\microsoft visual studio pro 2013\projects\speaktoplay\speaktoplay\debug\train.obj
i:\microsoft visual studio pro 2013\projects\speaktoplay\speaktoplay\debug\speaktoplay.obj
i:\microsoft visual studio pro 2013\projects\speaktoplay\speaktoplay\debug\selectlanguage.obj
i:\microsoft visual studio pro 2013\projects\speaktoplay\speaktoplay\debug\pause.obj
i:\microsoft visual studio pro 2013\projects\speaktoplay\speaktoplay\debug\assemblyinfo.obj
i:\microsoft visual studio pro 2013\projects\speaktoplay\speaktoplay\debug\.netframework,version=v4.5.assemblyattributes.obj
i:\microsoft visual studio pro 2013\projects\speaktoplay\speaktoplay\debug\app.res
i:\microsoft visual studio pro 2013\projects\speaktoplay\speaktoplay\debug\speaktoplay.form1.resources
i:\microsoft visual studio pro 2013\projects\speaktoplay\speaktoplay\debug\speaktoplay.pause.resources
i:\microsoft visual studio pro 2013\projects\speaktoplay\speaktoplay\debug\speaktoplay.selectlanguage.resources
i:\microsoft visual studio pro 2013\projects\speaktoplay\speaktoplay\debug\speaktoplay.vcxproj.generateresource.cache
i:\microsoft visual studio pro 2013\projects\speaktoplay\speaktoplay\debug\speaktoplay.vcxprojresolveassemblyreference.cache
i:\microsoft visual studio pro 2013\projects\speaktoplay\speaktoplay\debug\.netframework,version=v4.0.assemblyattributes.obj
i:\microsoft visual studio pro 2013\projects\speaktoplay\speaktoplay\debug\cl.command.1.tlog
i:\microsoft visual studio pro 2013\projects\speaktoplay\speaktoplay\debug\cl.read.1.tlog
i:\microsoft visual studio pro 2013\projects\speaktoplay\speaktoplay\debug\cl.write.1.tlog
i:\microsoft visual studio pro 2013\projects\speaktoplay\speaktoplay\debug\link.11104-cvtres.read.1.tlog
i:\microsoft visual studio pro 2013\projects\speaktoplay\speaktoplay\debug\link.11104-cvtres.write.1.tlog
i:\microsoft visual studio pro 2013\projects\speaktoplay\speaktoplay\debug\link.11104.read.1.tlog
i:\microsoft visual studio pro 2013\projects\speaktoplay\speaktoplay\debug\link.11104.write.1.tlog
i:\microsoft visual studio pro 2013\projects\speaktoplay\speaktoplay\debug\link.1896-cvtres.read.1.tlog
i:\microsoft visual studio pro 2013\projects\speaktoplay\speaktoplay\debug\link.1896-cvtres.write.1.tlog
i:\microsoft visual studio pro 2013\projects\speaktoplay\speaktoplay\debug\link.1896.read.1.tlog
i:\microsoft visual studio pro 2013\projects\speaktoplay\speaktoplay\debug\link.1896.write.1.tlog
i:\microsoft visual studio pro 2013\projects\speaktoplay\speaktoplay\debug\link.2740-cvtres.read.1.tlog
i:\microsoft visual studio pro 2013\projects\speaktoplay\speaktoplay\debug\link.2740-cvtres.write.1.tlog
i:\microsoft visual studio pro 2013\projects\speaktoplay\speaktoplay\debug\link.2740.read.1.tlog
i:\microsoft visual studio pro 2013\projects\speaktoplay\speaktoplay\debug\link.2740.write.1.tlog
i:\microsoft visual studio pro 2013\projects\speaktoplay\speaktoplay\debug\link.3656-cvtres.read.1.tlog
i:\microsoft visual studio pro 2013\projects\speaktoplay\speaktoplay\debug\link.3656-cvtres.write.1.tlog
i:\microsoft visual studio pro 2013\projects\speaktoplay\speaktoplay\debug\link.3656.read.1.tlog
i:\microsoft visual studio pro 2013\projects\speaktoplay\speaktoplay\debug\link.3656.write.1.tlog
i:\microsoft visual studio pro 2013\projects\speaktoplay\speaktoplay\debug\link.4456-cvtres.read.1.tlog
i:\microsoft visual studio pro 2013\projects\speaktoplay\speaktoplay\debug\link.4456-cvtres.write.1.tlog
i:\microsoft visual studio pro 2013\projects\speaktoplay\speaktoplay\debug\link.4456.read.1.tlog
i:\microsoft visual studio pro 2013\projects\speaktoplay\speaktoplay\debug\link.4456.write.1.tlog
i:\microsoft visual studio pro 2013\projects\speaktoplay\speaktoplay\debug\link.5252-cvtres.read.1.tlog
i:\microsoft visual studio pro 2013\projects\speaktoplay\speaktoplay\debug\link.5252-cvtres.write.1.tlog
i:\microsoft visual studio pro 2013\projects\speaktoplay\speaktoplay\debug\link.5252.read.1.tlog
i:\microsoft visual studio pro 2013\projects\speaktoplay\speaktoplay\debug\link.5252.write.1.tlog
i:\microsoft visual studio pro 2013\projects\speaktoplay\speaktoplay\debug\link.5376-cvtres.read.1.tlog
i:\microsoft visual studio pro 2013\projects\speaktoplay\speaktoplay\debug\link.5376-cvtres.write.1.tlog
i:\microsoft visual studio pro 2013\projects\speaktoplay\speaktoplay\debug\link.5376.read.1.tlog
i:\microsoft visual studio pro 2013\projects\speaktoplay\speaktoplay\debug\link.5376.write.1.tlog
i:\microsoft visual studio pro 2013\projects\speaktoplay\speaktoplay\debug\link.5804-cvtres.read.1.tlog
i:\microsoft visual studio pro 2013\projects\speaktoplay\speaktoplay\debug\link.5804-cvtres.write.1.tlog
i:\microsoft visual studio pro 2013\projects\speaktoplay\speaktoplay\debug\link.5804.read.1.tlog
i:\microsoft visual studio pro 2013\projects\speaktoplay\speaktoplay\debug\link.5804.write.1.tlog
i:\microsoft visual studio pro 2013\projects\speaktoplay\speaktoplay\debug\link.6660-cvtres.read.1.tlog
i:\microsoft visual studio pro 2013\projects\speaktoplay\speaktoplay\debug\link.6660-cvtres.write.1.tlog
i:\microsoft visual studio pro 2013\projects\speaktoplay\speaktoplay\debug\link.6660.read.1.tlog
i:\microsoft visual studio pro 2013\projects\speaktoplay\speaktoplay\debug\link.6660.write.1.tlog
i:\microsoft visual studio pro 2013\projects\speaktoplay\speaktoplay\debug\link.7960-cvtres.read.1.tlog
i:\microsoft visual studio pro 2013\projects\speaktoplay\speaktoplay\debug\link.7960-cvtres.write.1.tlog
i:\microsoft visual studio pro 2013\projects\speaktoplay\speaktoplay\debug\link.7960.read.1.tlog
i:\microsoft visual studio pro 2013\projects\speaktoplay\speaktoplay\debug\link.7960.write.1.tlog
i:\microsoft visual studio pro 2013\projects\speaktoplay\speaktoplay\debug\link.8492-cvtres.read.1.tlog
i:\microsoft visual studio pro 2013\projects\speaktoplay\speaktoplay\debug\link.8492-cvtres.write.1.tlog
i:\microsoft visual studio pro 2013\projects\speaktoplay\speaktoplay\debug\link.8492.read.1.tlog
i:\microsoft visual studio pro 2013\projects\speaktoplay\speaktoplay\debug\link.8492.write.1.tlog
i:\microsoft visual studio pro 2013\projects\speaktoplay\speaktoplay\debug\link.8700-cvtres.read.1.tlog
i:\microsoft visual studio pro 2013\projects\speaktoplay\speaktoplay\debug\link.8700-cvtres.write.1.tlog
i:\microsoft visual studio pro 2013\projects\speaktoplay\speaktoplay\debug\link.8700.read.1.tlog
i:\microsoft visual studio pro 2013\projects\speaktoplay\speaktoplay\debug\link.8700.write.1.tlog
i:\microsoft visual studio pro 2013\projects\speaktoplay\speaktoplay\debug\link.8752-cvtres.read.1.tlog
i:\microsoft visual studio pro 2013\projects\speaktoplay\speaktoplay\debug\link.8752-cvtres.write.1.tlog
i:\microsoft visual studio pro 2013\projects\speaktoplay\speaktoplay\debug\link.8752.read.1.tlog
i:\microsoft visual studio pro 2013\projects\speaktoplay\speaktoplay\debug\link.8752.write.1.tlog
i:\microsoft visual studio pro 2013\projects\speaktoplay\speaktoplay\debug\link.command.1.tlog
i:\microsoft visual studio pro 2013\projects\speaktoplay\speaktoplay\debug\link.read.1.tlog
i:\microsoft visual studio pro 2013\projects\speaktoplay\speaktoplay\debug\link.write.1.tlog
i:\microsoft visual studio pro 2013\projects\speaktoplay\speaktoplay\debug\mt.command.1.tlog
i:\microsoft visual studio pro 2013\projects\speaktoplay\speaktoplay\debug\mt.read.1.tlog
i:\microsoft visual studio pro 2013\projects\speaktoplay\speaktoplay\debug\mt.write.1.tlog
i:\microsoft visual studio pro 2013\projects\speaktoplay\speaktoplay\debug\rc.command.1.tlog
i:\microsoft visual studio pro 2013\projects\speaktoplay\speaktoplay\debug\rc.read.1.tlog
i:\microsoft visual studio pro 2013\projects\speaktoplay\speaktoplay\debug\rc.write.1.tlog
i:\microsoft visual studio pro 2013\projects\speaktoplay\speaktoplay\debug\speaktoplay.write.1.tlog
i:\microsoft visual studio pro 2013\projects\speaktoplay\speaktoplay\debug\speaktoplay.exe.intermediate.manifest
i:\microsoft visual studio pro 2013\projects\speaktoplay\speaktoplay\debug\vc100.pdb
i:\microsoft visual studio pro 2013\projects\speaktoplay\debug\speaktoplay.pdb
i:\microsoft visual studio pro 2013\projects\speaktoplay\speaktoplay\debug\speaktoplay.tlog\cl.command.1.tlog
i:\microsoft visual studio pro 2013\projects\speaktoplay\speaktoplay\debug\speaktoplay.tlog\cl.read.1.tlog
i:\microsoft visual studio pro 2013\projects\speaktoplay\speaktoplay\debug\speaktoplay.tlog\cl.write.1.tlog
i:\microsoft visual studio pro 2013\projects\speaktoplay\speaktoplay\debug\speaktoplay.tlog\link.5660-cvtres.read.1.tlog
i:\microsoft visual studio pro 2013\projects\speaktoplay\speaktoplay\debug\speaktoplay.tlog\link.5660-cvtres.write.1.tlog
i:\microsoft visual studio pro 2013\projects\speaktoplay\speaktoplay\debug\speaktoplay.tlog\link.5660-rc.read.1.tlog
i:\microsoft visual studio pro 2013\projects\speaktoplay\speaktoplay\debug\speaktoplay.tlog\link.5660-rc.write.1.tlog
i:\microsoft visual studio pro 2013\projects\speaktoplay\speaktoplay\debug\speaktoplay.tlog\link.5660.read.1.tlog
i:\microsoft visual studio pro 2013\projects\speaktoplay\speaktoplay\debug\speaktoplay.tlog\link.5660.write.1.tlog
i:\microsoft visual studio pro 2013\projects\speaktoplay\speaktoplay\debug\speaktoplay.tlog\link.5728-cvtres.read.1.tlog
i:\microsoft visual studio pro 2013\projects\speaktoplay\speaktoplay\debug\speaktoplay.tlog\link.5728-cvtres.write.1.tlog
i:\microsoft visual studio pro 2013\projects\speaktoplay\speaktoplay\debug\speaktoplay.tlog\link.5728-rc.read.1.tlog
i:\microsoft visual studio pro 2013\projects\speaktoplay\speaktoplay\debug\speaktoplay.tlog\link.5728-rc.write.1.tlog
i:\microsoft visual studio pro 2013\projects\speaktoplay\speaktoplay\debug\speaktoplay.tlog\link.5728.read.1.tlog
i:\microsoft visual studio pro 2013\projects\speaktoplay\speaktoplay\debug\speaktoplay.tlog\link.5728.write.1.tlog
i:\microsoft visual studio pro 2013\projects\speaktoplay\speaktoplay\debug\speaktoplay.tlog\link.command.1.tlog
i:\microsoft visual studio pro 2013\projects\speaktoplay\speaktoplay\debug\speaktoplay.tlog\link.read.1.tlog
i:\microsoft visual studio pro 2013\projects\speaktoplay\speaktoplay\debug\speaktoplay.tlog\link.write.1.tlog
i:\microsoft visual studio pro 2013\projects\speaktoplay\speaktoplay\debug\speaktoplay.tlog\metagen.read.1.tlog
i:\microsoft visual studio pro 2013\projects\speaktoplay\speaktoplay\debug\speaktoplay.tlog\metagen.write.1.tlog
i:\microsoft visual studio pro 2013\projects\speaktoplay\speaktoplay\debug\speaktoplay.tlog\rc.command.1.tlog
i:\microsoft visual studio pro 2013\projects\speaktoplay\speaktoplay\debug\speaktoplay.tlog\rc.read.1.tlog
i:\microsoft visual studio pro 2013\projects\speaktoplay\speaktoplay\debug\speaktoplay.tlog\rc.write.1.tlog
i:\microsoft visual studio pro 2013\projects\speaktoplay\speaktoplay\debug\speaktoplay.tlog\speaktoplay.write.1u.tlog
i:\microsoft visual studio pro 2013\projects\speaktoplay\speaktoplay\debug\speaktoplay.tlog\rsaenh.dll.bi
i:\microsoft visual studio pro 2013\projects\speaktoplay\speaktoplay\debug\speaktoplay.tlog\tzres.dll.bi
