Build started 04-12-2018 00:39:19.
     1>Project "I:\Microsoft Visual Studio Pro 2013\Projects\SpeakToPlay\SpeakToPlay\SpeakToPlay.vcxproj" on node 2 (Build target(s)).
     1>ClCompile:
         I:\Microsoft Visual Studio Pro 2013\VC\bin\CL.exe /c /AI"C:\Program Files\Reference Assemblies\Microsoft\Framework\.NETFramework\v4.5\\" /AI"C:\Program Files\Windows Kits\8.1\References\CommonConfiguration\Neutral" /AI"C:\Program Files\Reference Assemblies\Microsoft\Framework\.NETFramework\v4.5\Facades\\" /Zi /clr:pure /nologo /W3 /WX- /Od /Oy- /D WIN32 /D _DEBUG /D _CRT_SECURE_NO_WARNINGS /D _UNICODE /D UNICODE /EHa /MDd /GS /fp:precise /Zc:wchar_t /Zc:forScope /Yu"stdafx.h" /Fp"Debug\SpeakToPlay.pch" /Fo"Debug\\" /Fd"Debug\vc120.pdb" /TP /FU"C:\Program Files\Reference Assemblies\Microsoft\Framework\.NETFramework\v4.5\mscorlib.dll" /FU"C:\Program Files\Reference Assemblies\Microsoft\Framework\.NETFramework\v4.5\System.Data.dll" /FU"C:\Program Files\Reference Assemblies\Microsoft\Framework\.NETFramework\v4.5\System.dll" /FU"C:\Program Files\Reference Assemblies\Microsoft\Framework\.NETFramework\v4.5\System.Drawing.dll" /FU"C:\Program Files\Reference Assemblies\Microsoft\Framework\.NETFramework\v4.5\System.Windows.Forms.dll" /FU"C:\Program Files\Reference Assemblies\Microsoft\Framework\.NETFramework\v4.5\System.Xml.dll" /analyze- /errorReport:prompt /clr:nostdlib SelectLanguage.cpp SpeakToPlay.cpp
         SelectLanguage.cpp
         SpeakToPlay.cpp
         Generating Code...
       Link:
         I:\Microsoft Visual Studio Pro 2013\VC\bin\link.exe /ERRORREPORT:PROMPT /OUT:"I:\Microsoft Visual Studio Pro 2013\Projects\SpeakToPlay\Debug\SpeakToPlay.exe" /INCREMENTAL /NOLOGO /ASSEMBLYRESOURCE:Debug\SpeakToPlay.Form1.resources /ASSEMBLYRESOURCE:Debug\SpeakToPlay.Pause.resources /ASSEMBLYRESOURCE:Debug\SpeakToPlay.SelectLanguage.resources /MANIFEST /MANIFESTUAC:"level='asInvoker' uiAccess='false'" /manifest:embed /DEBUG /PDB:"I:\Microsoft Visual Studio Pro 2013\Projects\SpeakToPlay\Debug\SpeakToPlay.pdb" /ASSEMBLYDEBUG /SUBSYSTEM:WINDOWS /TLBID:1 /ENTRY:"main" /DYNAMICBASE /FIXED:NO /NXCOMPAT /MACHINE:X86 Debug\app.res
         Debug\AssemblyInfo.obj
         Debug\Pause.obj
         Debug\SelectLanguage.obj
         Debug\SpeakToPlay.obj
         Debug\stdafx.obj
         Debug\Train.obj
         "Debug\.NETFramework,Version=v4.5.AssemblyAttributes.obj"
         SpeakToPlay.vcxproj -> I:\Microsoft Visual Studio Pro 2013\Projects\SpeakToPlay\Debug\SpeakToPlay.exe
     1>Done Building Project "I:\Microsoft Visual Studio Pro 2013\Projects\SpeakToPlay\SpeakToPlay\SpeakToPlay.vcxproj" (Build target(s)).

Build succeeded.

Time Elapsed 00:00:03.35
